{"level":"info","message":"Request GET /","service":"user-service","timestamp":"2024-09-08 17:41:18"}
{"level":"info","message":"Request GET /teste","service":"user-service","timestamp":"2024-09-08 17:41:23"}
{"level":"info","message":"Request GET /favicon.ico","service":"user-service","timestamp":"2024-09-08 17:41:23"}
{"level":"info","message":"Request GET /","service":"user-service","timestamp":"2024-09-08 17:41:49"}
{"level":"info","message":"Request GET /","service":"user-service","timestamp":"2024-09-08 17:42:03"}
{"level":"info","message":"Request GET /","service":"user-service","timestamp":"2024-09-08 17:59:53"}
{"level":"info","message":"Request GET /","service":"user-service","timestamp":"2024-09-08 18:02:17"}
{"level":"info","message":"Request GET /favicon.ico","service":"user-service","timestamp":"2024-09-08 18:09:31"}
{"level":"info","message":"Request GET /","service":"user-service","timestamp":"2024-09-08 18:51:21"}
{"level":"info","message":"Request GET /","service":"user-service","timestamp":"2024-09-08 18:51:47"}
{"level":"info","message":"Request GET /","service":"user-service","timestamp":"2024-09-08 18:52:02"}
{"level":"info","message":"Request GET /","service":"user-service","timestamp":"2024-09-08 18:53:10"}
{"level":"info","message":"Request POST /auth/signin","service":"user-service","timestamp":"2024-09-09 09:40:25"}
{"level":"info","message":"Request POST /auth/signin","service":"user-service","timestamp":"2024-09-09 09:40:38"}
{"level":"info","message":"Request POST /auth/signin","service":"user-service","timestamp":"2024-09-09 09:40:44"}
{"level":"info","message":"Request GET /api/animes/undefined","service":"user-service","timestamp":"2024-09-09 09:40:44"}
{"level":"info","message":"Request GET /api/animes/undefined","service":"user-service","timestamp":"2024-09-09 09:40:44"}
{"level":"info","message":"Request POST /api/animes","service":"user-service","timestamp":"2024-09-09 09:41:07"}
{"level":"info","message":"Request GET /api/animes/pain","service":"user-service","timestamp":"2024-09-09 09:41:10"}
{"level":"info","message":"Request GET /api/animes/Pain","service":"user-service","timestamp":"2024-09-09 09:41:12"}
{"level":"info","message":"Request POST /auth/signin","service":"user-service","timestamp":"2024-09-09 13:33:48"}
{"level":"info","message":"Request POST /auth/signin","service":"user-service","timestamp":"2024-09-09 13:34:16"}
{"level":"info","message":"Request POST /auth/signin","service":"user-service","timestamp":"2024-09-09 13:34:20"}
{"level":"info","message":"Request GET /api/animes/undefined","service":"user-service","timestamp":"2024-09-09 13:34:20"}
{"level":"info","message":"Request GET /api/animes/undefined","service":"user-service","timestamp":"2024-09-09 13:34:21"}
{"level":"info","message":"Request POST /auth/signin","service":"user-service","timestamp":"2024-09-09 13:44:43"}
{"level":"info","message":"Request POST /auth/signin","service":"user-service","timestamp":"2024-09-09 13:44:57"}
{"level":"info","message":"Request GET /api/animes/undefined","service":"user-service","timestamp":"2024-09-09 13:44:58"}
{"level":"info","message":"Request GET /api/animes/undefined","service":"user-service","timestamp":"2024-09-09 13:44:58"}
{"level":"info","message":"Request POST /auth/signin","service":"user-service","timestamp":"2024-09-09 13:46:56"}
{"level":"info","message":"Request GET /api/animes/undefined","service":"user-service","timestamp":"2024-09-09 13:46:56"}
{"level":"info","message":"Request GET /api/animes/undefined","service":"user-service","timestamp":"2024-09-09 13:46:56"}
{"level":"info","message":"Request GET /api/animes/Pain","service":"user-service","timestamp":"2024-09-09 13:55:32"}
{"level":"info","message":"Request GET /api/animes/Pain","service":"user-service","timestamp":"2024-09-09 14:01:00"}
{"level":"info","message":"Request GET /api/animes/Pain","service":"user-service","timestamp":"2024-09-09 14:08:12"}
{"level":"info","message":"Request GET /api/animes/Pain","service":"user-service","timestamp":"2024-09-09 14:09:43"}
{"level":"info","message":"Request GET /api/animes/Pain","service":"user-service","timestamp":"2024-09-09 14:09:49"}
{"level":"info","message":"Request GET /api/animes/Pain","service":"user-service","timestamp":"2024-09-09 14:09:52"}
{"level":"info","message":"Request GET /api/animes/Pain","service":"user-service","timestamp":"2024-09-09 14:09:54"}
{"level":"info","message":"Request GET /api/animes/Pain","service":"user-service","timestamp":"2024-09-09 14:09:56"}
{"level":"info","message":"Request GET /api/animes/Pain","service":"user-service","timestamp":"2024-09-09 14:09:58"}
{"level":"info","message":"Request GET /api/animes/Pain","service":"user-service","timestamp":"2024-09-09 14:09:59"}
{"level":"info","message":"Request GET /api/animes/Pain","service":"user-service","timestamp":"2024-09-09 14:10:20"}
{"level":"info","message":"Request GET /api/animes/PAin","service":"user-service","timestamp":"2024-09-09 14:10:27"}
{"level":"info","message":"Request GET /api/animes/Pain","service":"user-service","timestamp":"2024-09-09 14:10:28"}
{"level":"info","message":"Request GET /api/animes/Pain","service":"user-service","timestamp":"2024-09-09 14:10:30"}
{"level":"info","message":"Request GET /api/animes/Pain","service":"user-service","timestamp":"2024-09-09 14:10:31"}
{"level":"info","message":"Request GET /api/animes/Oain","service":"user-service","timestamp":"2024-09-09 14:10:32"}
{"level":"info","message":"Request GET /api/animes/Pain","service":"user-service","timestamp":"2024-09-09 14:10:34"}
{"level":"info","message":"Request POST /auth/signin","service":"user-service","timestamp":"2024-09-09 14:53:09"}
{"level":"info","message":"Request GET /api/animes/undefined","service":"user-service","timestamp":"2024-09-09 14:53:10"}
{"level":"info","message":"Request GET /api/animes/undefined","service":"user-service","timestamp":"2024-09-09 14:53:10"}
{"level":"info","message":"Request GET /api/animes/Pain","service":"user-service","timestamp":"2024-09-09 14:53:32"}
{"level":"info","message":"Request POST /api/animes","service":"user-service","timestamp":"2024-09-09 14:54:31"}
{"level":"info","message":"Request GET /api/animes/Luffy","service":"user-service","timestamp":"2024-09-09 14:54:37"}
